<?xml version="1.0" encoding="UTF-8"?>
<!-- Generated by org.testng.reporters.JUnitXMLReporter -->
<testsuite ignored="1" hostname="15p-yurym" failures="1" tests="1" name="test for XML Parser with valid file 1" time="0.045" errors="0" timestamp="2023-11-13T13:48:21 CET">
  <testcase classname="parser.XMLParserTest" name="testValidParser" time="0.016">
    <failure type="java.lang.AssertionError" message="Failed, errors shown in valid file expected [true] but found [false]">
      <![CDATA[java.lang.AssertionError: Failed, errors shown in valid file expected [true] but found [false]
at parser.XMLParserTest.testValidParser(XMLParserTest.java:16)
at java.base/java.util.ArrayList.forEach(ArrayList.java:1511)
... Removed 32 stack frames]]>
    </failure>
  </testcase> <!-- testValidParser -->
  <testcase classname="parser.XMLParserTest" name="testInValidParser" time="0.0">
    <ignored/>
  </testcase> <!-- testInValidParser -->
</testsuite> <!-- test for XML Parser with valid file 1 -->
