<?xml version="1.0" encoding="UTF-8"?>
<!-- Generated by org.testng.reporters.JUnitXMLReporter -->
<testsuite ignored="1" hostname="15p-yurym" failures="0" tests="1" name="test for XML Parser with valid file 3" time="0.002" errors="0" timestamp="2023-11-13T13:48:21 CET">
  <testcase classname="parser.XMLParserTest" name="testValidParser" time="0.002"/>
  <testcase classname="parser.XMLParserTest" name="testInValidParser" time="0.0">
    <ignored/>
  </testcase> <!-- testInValidParser -->
</testsuite> <!-- test for XML Parser with valid file 3 -->
